Base path: C:/Program Files (x86)/UnityPro/Editor/Data
Pipe name: \\.\pipe\UnityShaderCompiler-1-13188
Cmd: getPlatforms
Cmd: compileSnippet
  api=4 type=0 insize=259431 outsize=4938 kw=DIRECTIONAL SHADOWS_OFF LIGHTMAP_OFF DIRLIGHTMAP_OFF DIFFCUBE_ON SPECCUBE_ON LUX_AO_ON LUX_LIGHTING_BP LUX_LINEAR ok=1
Cmd: compileSnippet
  api=4 type=1 insize=259431 outsize=8513 kw=DIRECTIONAL SHADOWS_OFF LIGHTMAP_OFF DIRLIGHTMAP_OFF DIFFCUBE_ON SPECCUBE_ON LUX_AO_ON LUX_LIGHTING_BP LUX_LINEAR ok=1
Cmd: compileSnippet
  api=4 type=0 insize=163312 outsize=2940 kw=DIRECTIONAL DIFFCUBE_ON SPECCUBE_ON LUX_AO_ON LUX_LIGHTING_BP LUX_LINEAR ok=1
Cmd: compileSnippet
  api=4 type=1 insize=163312 outsize=5613 kw=DIRECTIONAL DIFFCUBE_ON SPECCUBE_ON LUX_AO_ON LUX_LIGHTING_BP LUX_LINEAR ok=1
Cmd: compileSnippet
  api=4 type=0 insize=231775 outsize=4963 kw=DIRECTIONAL SHADOWS_OFF LIGHTMAP_OFF DIRLIGHTMAP_OFF DIFFCUBE_ON SPECCUBE_ON LUX_AO_ON LUX_LIGHTING_BP LUX_GAMMA ok=1
Cmd: compileSnippet
  api=4 type=1 insize=231775 outsize=6238 kw=DIRECTIONAL SHADOWS_OFF LIGHTMAP_OFF DIRLIGHTMAP_OFF DIFFCUBE_ON SPECCUBE_ON LUX_AO_ON LUX_LIGHTING_BP LUX_GAMMA ok=1
Cmd: compileSnippet
  api=4 type=0 insize=135632 outsize=2940 kw=DIRECTIONAL DIFFCUBE_ON SPECCUBE_ON LUX_AO_ON LUX_LIGHTING_BP LUX_GAMMA ok=1
Cmd: compileSnippet
  api=4 type=1 insize=135632 outsize=3866 kw=DIRECTIONAL DIFFCUBE_ON SPECCUBE_ON LUX_AO_ON LUX_LIGHTING_BP LUX_GAMMA ok=1
Cmd: compileSnippet
  api=4 type=0 insize=69045 outsize=2940 kw=DIRECTIONAL DIFFCUBE_ON SPECCUBE_ON LUX_LIGHTING_BP LUX_GAMMA ok=1
Cmd: compileSnippet
  api=4 type=1 insize=69045 outsize=4126 kw=DIRECTIONAL DIFFCUBE_ON SPECCUBE_ON LUX_LIGHTING_BP LUX_GAMMA ok=1
Cmd: compileSnippet
  api=4 type=0 insize=136080 outsize=2940 kw=DIRECTIONAL DIFFCUBE_ON SPECCUBE_ON LUX_AO_ON LUX_LIGHTING_BP LUX_GAMMA ok=1
Cmd: compileSnippet
  api=4 type=1 insize=136080 outsize=4150 kw=DIRECTIONAL DIFFCUBE_ON SPECCUBE_ON LUX_AO_ON LUX_LIGHTING_BP LUX_GAMMA ok=1
Cmd: compileSnippet
  api=4 type=0 insize=221991 outsize=4938 kw=DIRECTIONAL SHADOWS_OFF LIGHTMAP_OFF DIRLIGHTMAP_OFF DIFFCUBE_ON SPECCUBE_ON LUX_AO_ON LUX_LIGHTING_BP LUX_GAMMA ok=1
Cmd: compileSnippet
  api=4 type=1 insize=221991 outsize=6393 kw=DIRECTIONAL SHADOWS_OFF LIGHTMAP_OFF DIRLIGHTMAP_OFF DIFFCUBE_ON SPECCUBE_ON LUX_AO_ON LUX_LIGHTING_BP LUX_GAMMA ok=1
Cmd: compileSnippet
  api=4 type=0 insize=125456 outsize=2940 kw=DIRECTIONAL DIFFCUBE_ON SPECCUBE_ON LUX_AO_ON LUX_LIGHTING_BP LUX_GAMMA ok=1
Cmd: compileSnippet
  api=4 type=1 insize=125456 outsize=4045 kw=DIRECTIONAL DIFFCUBE_ON SPECCUBE_ON LUX_AO_ON LUX_LIGHTING_BP LUX_GAMMA ok=1
Cmd: compileSnippet
  api=4 type=0 insize=229847 outsize=4938 kw=DIRECTIONAL SHADOWS_OFF LIGHTMAP_OFF DIRLIGHTMAP_OFF DIFFCUBE_ON SPECCUBE_ON LUX_AO_ON LUX_LIGHTING_BP LUX_GAMMA ok=1
Cmd: compileSnippet
  api=4 type=1 insize=229847 outsize=6693 kw=DIRECTIONAL SHADOWS_OFF LIGHTMAP_OFF DIRLIGHTMAP_OFF DIFFCUBE_ON SPECCUBE_ON LUX_AO_ON LUX_LIGHTING_BP LUX_GAMMA ok=1
Cmd: compileSnippet
  api=4 type=0 insize=136304 outsize=2940 kw=DIRECTIONAL DIFFCUBE_ON SPECCUBE_ON LUX_AO_ON LUX_LIGHTING_BP LUX_GAMMA ok=1
Cmd: compileSnippet
  api=4 type=1 insize=136304 outsize=4353 kw=DIRECTIONAL DIFFCUBE_ON SPECCUBE_ON LUX_AO_ON LUX_LIGHTING_BP LUX_GAMMA ok=1
Cmd: compileSnippet
  api=4 type=0 insize=239847 outsize=4938 kw=DIRECTIONAL SHADOWS_OFF LIGHTMAP_OFF DIRLIGHTMAP_OFF DIFFCUBE_ON SPECCUBE_ON LUX_AO_ON LUX_LIGHTING_BP LUX_GAMMA ok=1
Cmd: compileSnippet
  api=4 type=1 insize=239847 outsize=6702 kw=DIRECTIONAL SHADOWS_OFF LIGHTMAP_OFF DIRLIGHTMAP_OFF DIFFCUBE_ON SPECCUBE_ON LUX_AO_ON LUX_LIGHTING_BP LUX_GAMMA ok=1
Cmd: compileSnippet
  api=4 type=0 insize=143312 outsize=2940 kw=DIRECTIONAL DIFFCUBE_ON SPECCUBE_ON LUX_AO_ON LUX_LIGHTING_BP LUX_GAMMA ok=1
Cmd: compileSnippet
  api=4 type=1 insize=143312 outsize=4045 kw=DIRECTIONAL DIFFCUBE_ON SPECCUBE_ON LUX_AO_ON LUX_LIGHTING_BP LUX_GAMMA ok=1
Cmd: compileSnippet
  api=4 type=0 insize=23451 outsize=2948 kw=DIRECTIONAL_COOKIE DIFFCUBE_ON LUX_AO_OFF LUX_GAMMA ok=1
Cmd: compileSnippet
  api=4 type=1 insize=23451 outsize=1794 kw=DIRECTIONAL_COOKIE DIFFCUBE_ON LUX_AO_OFF LUX_GAMMA ok=1
Cmd: compileSnippet
  api=4 type=0 insize=69045 outsize=3630 kw=DIRECTIONAL_COOKIE DIFFCUBE_ON SPECCUBE_ON LUX_LIGHTING_BP LUX_GAMMA ok=1
Cmd: compileSnippet
  api=4 type=1 insize=69045 outsize=4386 kw=DIRECTIONAL_COOKIE DIFFCUBE_ON SPECCUBE_ON LUX_LIGHTING_BP LUX_GAMMA ok=1
Cmd: compileSnippet
  api=4 type=0 insize=136304 outsize=3630 kw=DIRECTIONAL_COOKIE DIFFCUBE_ON SPECCUBE_ON LUX_AO_ON LUX_LIGHTING_BP LUX_GAMMA ok=1
Cmd: compileSnippet
  api=4 type=1 insize=136304 outsize=4613 kw=DIRECTIONAL_COOKIE DIFFCUBE_ON SPECCUBE_ON LUX_AO_ON LUX_LIGHTING_BP LUX_GAMMA ok=1
Cmd: compileSnippet
  api=4 type=0 insize=68449 outsize=3541 kw=DIRECTIONAL_COOKIE DIFFCUBE_ON LUX_LIGHTING_BP LUX_AO_OFF LUX_GAMMA ok=1
Cmd: compileSnippet
  api=4 type=1 insize=68449 outsize=4126 kw=DIRECTIONAL_COOKIE DIFFCUBE_ON LUX_LIGHTING_BP LUX_AO_OFF LUX_GAMMA ok=1
Cmd: compileSnippet
  api=4 type=0 insize=2852 outsize=2542 kw=DIRECTIONAL_COOKIE ok=1
Cmd: compileSnippet
  api=4 type=1 insize=2852 outsize=1396 kw=DIRECTIONAL_COOKIE ok=1
Cmd: compileSnippet
  api=4 type=0 insize=3531 outsize=3419 kw=DIRECTIONAL_COOKIE ok=1
Cmd: compileSnippet
  api=4 type=1 insize=3531 outsize=1112 kw=DIRECTIONAL_COOKIE ok=1
